app/build/outputs/logs/manifest-merger-debug-report.txt
-- Merging decision tree log ---
manifest
ADDED from src\main\AndroidManifest.xml:1:1-53:12
	package
		ADDED from src\main\AndroidManifest.xml:2:5-39
		INJECTED from src\main\AndroidManifest.xml
		INJECTED from src\main\AndroidManifest.xml
	android:versionName
		ADDED from src\main\AndroidManifest.xml:4:5-32
		INJECTED from src\main\AndroidManifest.xml
		INJECTED from src\main\AndroidManifest.xml
	android:versionCode
		ADDED from src\main\AndroidManifest.xml:3:5-29
		INJECTED from src\main\AndroidManifest.xml
		INJECTED from src\main\AndroidManifest.xml
	xmlns:android
		ADDED from src\main\AndroidManifest.xml:1:11-69
uses-sdk
ADDED from src\main\AndroidManifest.xml:6:5-8:40
MERGED from [com.android.support:support-v4:23.1.1] AndroidManifest.xml:20:5-43
	android:targetSdkVersion
		ADDED from src\main\AndroidManifest.xml:8:9-37
		INJECTED from src\main\AndroidManifest.xml
		INJECTED from src\main\AndroidManifest.xml
	android:minSdkVersion
		ADDED from src\main\AndroidManifest.xml:7:9-34
		INJECTED from src\main\AndroidManifest.xml
		INJECTED from src\main\AndroidManifest.xml
uses-permission#android.permission.READ_PHONE_STATE
ADDED from src\main\AndroidManifest.xml:10:5-75
	android:name
		ADDED from src\main\AndroidManifest.xml:10:22-72
uses-permission#android.permission.RECORD_AUDIO
ADDED from src\main\AndroidManifest.xml:11:5-71
	android:name
		ADDED from src\main\AndroidManifest.xml:11:22-68
uses-permission#android.permission.STORAGE
ADDED from src\main\AndroidManifest.xml:12:5-66
	android:name
		ADDED from src\main\AndroidManifest.xml:12:22-63
uses-permission#android.permission.WRITE_EXTERNAL_STORAGE
ADDED from src\main\AndroidManifest.xml:13:5-81
	android:name
		ADDED from src\main\AndroidManifest.xml:13:22-78
uses-permission#android.permission.PROCESS_OUTGOING_CALLS
ADDED from src\main\AndroidManifest.xml:14:5-81
	android:name
		ADDED from src\main\AndroidManifest.xml:14:22-78
uses-permission#android.permission.READ_CONTACTS
ADDED from src\main\AndroidManifest.xml:15:5-72
	android:name
		ADDED from src\main\AndroidManifest.xml:15:22-69
application
ADDED from src\main\AndroidManifest.xml:17:5-51:19
MERGED from [com.android.support:support-v4:23.1.1] AndroidManifest.xml:22:5-20
	android:label
		ADDED from src\main\AndroidManifest.xml:21:9-41
	android:excludeFromRecents
		ADDED from src\main\AndroidManifest.xml:19:9-43
	android:launchMode
		ADDED from src\main\AndroidManifest.xml:22:9-44
	android:allowBackup
		ADDED from src\main\AndroidManifest.xml:18:9-36
	android:icon
		ADDED from src\main\AndroidManifest.xml:20:9-45
	android:theme
		ADDED from src\main\AndroidManifest.xml:24:9-40
	android:taskAffinity
		ADDED from src\main\AndroidManifest.xml:23:9-32
activity#com.callrecorder.android.MainActivity
ADDED from src\main\AndroidManifest.xml:25:9-37:20
	android:label
		ADDED from src\main\AndroidManifest.xml:27:13-56
	android:name
		ADDED from src\main\AndroidManifest.xml:26:13-41
meta-data#android.support.PARENT_ACTIVITY
ADDED from src\main\AndroidManifest.xml:28:13-30:46
	android:value
		ADDED from src\main\AndroidManifest.xml:30:17-43
	android:name
		ADDED from src\main\AndroidManifest.xml:29:17-63
intent-filter#android.intent.action.MAIN+android.intent.category.LAUNCHER
ADDED from src\main\AndroidManifest.xml:32:13-36:29
action#android.intent.action.MAIN
ADDED from src\main\AndroidManifest.xml:33:17-69
	android:name
		ADDED from src\main\AndroidManifest.xml:33:25-66
category#android.intent.category.LAUNCHER
ADDED from src\main\AndroidManifest.xml:35:17-77
	android:name
		ADDED from src\main\AndroidManifest.xml:35:27-74
receiver#com.callrecorder.android.MyPhoneReceiver
ADDED from src\main\AndroidManifest.xml:39:9-44:20
	android:name
		ADDED from src\main\AndroidManifest.xml:39:19-50
intent-filter#android.intent.action.NEW_OUTGOING_CALL+android.intent.action.PHONE_STATE
ADDED from src\main\AndroidManifest.xml:40:13-43:29
action#android.intent.action.PHONE_STATE
ADDED from src\main\AndroidManifest.xml:41:17-76
	android:name
		ADDED from src\main\AndroidManifest.xml:41:25-73
action#android.intent.action.NEW_OUTGOING_CALL
ADDED from src\main\AndroidManifest.xml:42:17-82
	android:name
		ADDED from src\main\AndroidManifest.xml:42:25-79
service#com.callrecorder.android.RecordService
ADDED from src\main\AndroidManifest.xml:46:9-50
	android:name
		ADDED from src\main\AndroidManifest.xml:46:18-47
activity#com.callrecorder.android.TermsActivity
ADDED from src\main\AndroidManifest.xml:48:9-50:59
	android:label
		ADDED from src\main\AndroidManifest.xml:50:13-56
	android:name
		ADDED from src\main\AndroidManifest.xml:49:13-42